<?xml version="1.0" encoding="UTF-8"?>
<testsuite name="com.github.brice.todo_list_api.TodoListApiApplicationTests" tests="1" skipped="0" failures="0" errors="0" timestamp="2024-10-17T14:02:44" hostname="MacBook-Air-de-Brice.local" time="0.683">
  <properties/>
  <testcase name="contextLoads()" classname="com.github.brice.todo_list_api.TodoListApiApplicationTests" time="0.683"/>
  <system-out><![CDATA[16:02:44.391 [Test worker] INFO org.springframework.test.context.support.AnnotationConfigContextLoaderUtils -- Could not detect default configuration classes for test class [com.github.brice.todo_list_api.TodoListApiApplicationTests]: TodoListApiApplicationTests does not declare any static, non-private, non-final, nested classes annotated with @Configuration.
16:02:44.463 [Test worker] INFO org.springframework.boot.test.context.SpringBootTestContextBootstrapper -- Found @SpringBootConfiguration com.github.brice.todo_list_api.TodoListApiApplication for test class com.github.brice.todo_list_api.TodoListApiApplicationTests

  .   ____          _            __ _ _
 /\\ / ___'_ __ _ _(_)_ __  __ _ \ \ \ \
( ( )\___ | '_ | '_| | '_ \/ _` | \ \ \ \
 \\/  ___)| |_)| | | | | || (_| |  ) ) ) )
  '  |____| .__|_| |_|_| |_\__, | / / / /
 =========|_|==============|___/=/_/_/_/

 :: Spring Boot ::                (v3.3.4)

2024-10-17T16:02:44.674+02:00  INFO 35901 --- [todo-list-api] [    Test worker] c.g.b.t.TodoListApiApplicationTests      : Starting TodoListApiApplicationTests using Java 21.0.1 with PID 35901 (started by bricemikembo in /Users/bricemikembo/Desktop/todo-list-api)
2024-10-17T16:02:44.675+02:00  INFO 35901 --- [todo-list-api] [    Test worker] c.g.b.t.TodoListApiApplicationTests      : No active profile set, falling back to 1 default profile: "default"
2024-10-17T16:02:44.971+02:00  INFO 35901 --- [todo-list-api] [    Test worker] c.g.b.t.TodoListApiApplicationTests      : Started TodoListApiApplicationTests in 0.422 seconds (process running for 1.271)
]]></system-out>
  <system-err><![CDATA[WARNING: A Java agent has been loaded dynamically (/Users/bricemikembo/.gradle/caches/modules-2/files-2.1/net.bytebuddy/byte-buddy-agent/1.14.19/154da3a65b4f4a909d3e5bdec55d1b2b4cbb6ce1/byte-buddy-agent-1.14.19.jar)
WARNING: If a serviceability tool is in use, please run with -XX:+EnableDynamicAgentLoading to hide this warning
WARNING: If a serviceability tool is not in use, please run with -Djdk.instrument.traceUsage for more information
WARNING: Dynamic loading of agents will be disallowed by default in a future release
]]></system-err>
</testsuite>
